TN:
SF:bankAccount.js
FN:5,(anonymous_0)
FN:12,(anonymous_1)
FN:20,(anonymous_2)
FN:27,(anonymous_3)
FN:35,(anonymous_4)
FNF:5
FNH:5
FNDA:6,(anonymous_0)
FNDA:3,(anonymous_1)
FNDA:2,(anonymous_2)
FNDA:5,(anonymous_3)
FNDA:1,(anonymous_4)
DA:1,1
DA:2,1
DA:6,6
DA:7,6
DA:8,6
DA:9,6
DA:13,3
DA:14,3
DA:15,3
DA:16,3
DA:17,3
DA:21,2
DA:22,2
DA:23,2
DA:24,2
DA:28,5
DA:29,3
DA:31,2
DA:36,1
DA:37,1
DA:41,1
LF:21
LH:21
BRDA:5,0,0,1
BRDA:5,1,0,1
BRDA:28,2,0,3
BRDA:28,2,1,2
BRF:4
BRH:4
end_of_record
TN:
SF:date.js
FN:2,(anonymous_0)
FNF:1
FNH:1
FNDA:1,(anonymous_0)
DA:3,1
DA:5,1
DA:7,1
DA:9,1
DA:11,1
DA:15,2
LF:6
LH:6
BRF:0
BRH:0
end_of_record
TN:
SF:viewStatement.js
FN:2,(anonymous_0)
FN:6,(anonymous_1)
FN:10,(anonymous_2)
FN:17,(anonymous_3)
FN:19,(anonymous_4)
FN:25,(anonymous_5)
FNF:6
FNH:6
FNDA:2,(anonymous_0)
FNDA:2,(anonymous_1)
FNDA:2,(anonymous_2)
FNDA:1,(anonymous_3)
FNDA:1,(anonymous_4)
FNDA:1,(anonymous_5)
DA:3,2
DA:7,2
DA:9,2
DA:11,2
DA:19,1
DA:20,1
DA:22,1
DA:26,1
DA:30,2
LF:9
LH:9
BRF:0
BRH:0
end_of_record
